chr19	fimo	nucleotide_motif	44582792	44582811	51.7	-	.	Name=ABRGYGCCMCCTRGTGGYVR_chr19-;Alias=MEME-1;ID=ABRGYGCCMCCTRGTGGYVR-MEME-1-1-chr19;pvalue=6.72e-06;qvalue= 0.00792;sequence=AGTGCGCCACGCTGTGGCCA;	chr19	44582457	44583193	NA_peak_447	1153	.	41.04448	123.10604	115.31882	352
chr19	fimo	nucleotide_motif	44582876	44582895	46.6	-	.	Name=ABRGYGCCMCCTRGTGGYVR_chr19-;Alias=MEME-1;ID=ABRGYGCCMCCTRGTGGYVR-MEME-1-2-chr19;pvalue=2.2e-05;qvalue= 0.0238;sequence=CAGGCTCCCCCAAGTGGGCA;	chr19	44582457	44583193	NA_peak_447	1153	.	41.04448	123.10604	115.31882	352
chr19	fimo	nucleotide_motif	44582759	44582778	44.7	+	.	Name=ABRGYGCCMCCTRGTGGYVR_chr19+;Alias=MEME-1;ID=ABRGYGCCMCCTRGTGGYVR-MEME-1-3-chr19;pvalue=3.39e-05;qvalue= 0.0351;sequence=AGTGTGCTCCCTTGGGGCGA;	chr19	44582457	44583193	NA_peak_447	1153	.	41.04448	123.10604	115.31882	352
chr19	fimo	nucleotide_motif	44582776	44582795	 43	+	.	Name=ABRGYGCCMCCTRGTGGYVR_chr19+;Alias=MEME-1;ID=ABRGYGCCMCCTRGTGGYVR-MEME-1-4-chr19;pvalue=5e-05;qvalue= 0.0493;sequence=CGAGTGGCCCCTGCTGTGGC;	chr19	44582457	44583193	NA_peak_447	1153	.	41.04448	123.10604	115.31882	352
chr19	fimo	nucleotide_motif	41442789	41442808	72.5	-	.	Name=ABRGYGCCMCCTRGTGGYVR_chr19-;Alias=MEME-1;ID=ABRGYGCCMCCTRGTGGYVR-MEME-1-1-chr19;pvalue=5.64e-08;qvalue= 0.000254;sequence=ACAGCGCCTCCTACTGGTGA;	chr19	41442516	41443076	NA_peak_386	1019	.	30.77581	107.76594	101.94720	266
chr19	fimo	nucleotide_motif	44363697	44363716	57.9	-	.	Name=ABRGYGCCMCCTRGTGGYVR_chr19-;Alias=MEME-1;ID=ABRGYGCCMCCTRGTGGYVR-MEME-1-1-chr19;pvalue=1.6e-06;qvalue= 0.00234;sequence=GTGCTGCCCCCTGCAGGACA;	chr19	44363329	44363954	NA_peak_439	1012	.	38.97150	107.03227	101.26624	336
chr19	fimo	nucleotide_motif	10502774	10502793	78.5	+	.	Name=ABRGYGCCMCCTRGTGGYVR_chr19+;Alias=MEME-1;ID=ABRGYGCCMCCTRGTGGYVR-MEME-1-1-chr19;pvalue=1.4e-08;qvalue= 0.000126;sequence=ATAGTGCCCTCTTGTGGCAG;	chr19	10502507	10503058	NA_peak_171	963	.	32.99727	101.86737	96.37240	288
chr19	fimo	nucleotide_motif	4099197	4099216	78.3	-	.	Name=ABRGYGCCMCCTRGTGGYVR_chr19-;Alias=MEME-1;ID=ABRGYGCCMCCTRGTGGYVR-MEME-1-1-chr19;pvalue=1.47e-08;qvalue= 0.000126;sequence=ACGCTGCCCCCTGGTGGCAC;	chr19	4098909	4099491	NA_peak_26	946	.	35.68232	100.06521	94.66000	289
chr19	fimo	nucleotide_motif	4099194	4099213	42.7	+	.	Name=ABRGYGCCMCCTRGTGGYVR_chr19+;Alias=MEME-1;ID=ABRGYGCCMCCTRGTGGYVR-MEME-1-2-chr19;pvalue=5.38e-05;qvalue= 0.0517;sequence=GAGGTGCCACCAGGGGGCAG;	chr19	4098909	4099491	NA_peak_26	946	.	35.68232	100.06521	94.66000	289
chr19	fimo	nucleotide_motif	4099231	4099250	41.4	-	.	Name=ABRGYGCCMCCTRGTGGYVR_chr19-;Alias=MEME-1;ID=ABRGYGCCMCCTRGTGGYVR-MEME-1-3-chr19;pvalue=7.15e-05;qvalue= 0.0661;sequence=ATAGTGCCTCCAGCTGTGAA;	chr19	4098909	4099491	NA_peak_26	946	.	35.68232	100.06521	94.66000	289
chr19	fimo	nucleotide_motif	59239628	59239647	80.1	-	.	Name=ABRGYGCCMCCTRGTGGYVR_chr19-;Alias=MEME-1;ID=ABRGYGCCMCCTRGTGGYVR-MEME-1-1-chr19;pvalue=9.83e-09;qvalue= 0.000126;sequence=GGCGCGCCACCTGGTGGCCA;	chr19	59239320	59240029	NA_peak_607	911	.	34.01101	96.44078	91.17075	326
chr19	fimo	nucleotide_motif	59239672	59239691	64.5	-	.	Name=ABRGYGCCMCCTRGTGGYVR_chr19-;Alias=MEME-1;ID=ABRGYGCCMCCTRGTGGYVR-MEME-1-2-chr19;pvalue=3.51e-07;qvalue= 0.000781;sequence=AATGCGCCACCTGCTGGCCC;	chr19	59239320	59240029	NA_peak_607	911	.	34.01101	96.44078	91.17075	326
chr19	fimo	nucleotide_motif	6304980	6304999	62.5	+	.	Name=ABRGYGCCMCCTRGTGGYVR_chr19+;Alias=MEME-1;ID=ABRGYGCCMCCTRGTGGYVR-MEME-1-1-chr19;pvalue=5.64e-07;qvalue= 0.00106;sequence=CTGGCGCCTCCTTGTGGCTT;	chr19	6304671	6305260	NA_peak_101	910	.	35.17105	96.33001	91.08932	295
chr19	fimo	nucleotide_motif	6262400	6262419	71.2	-	.	Name=ABRGYGCCMCCTRGTGGYVR_chr19-;Alias=MEME-1;ID=ABRGYGCCMCCTRGTGGYVR-MEME-1-1-chr19;pvalue=7.48e-08;qvalue= 0.000281;sequence=GTGGCGCCTCCTGGTGGCAG;	chr19	6262076	6262817	NA_peak_98	888	.	26.53765	94.02785	88.89577	337
chr19	fimo	nucleotide_motif	6262397	6262416	45.4	+	.	Name=ABRGYGCCMCCTRGTGGYVR_chr19+;Alias=MEME-1;ID=ABRGYGCCMCCTRGTGGYVR-MEME-1-2-chr19;pvalue=2.9e-05;qvalue= 0.0306;sequence=CTCCTGCCACCAGGAGGCGC;	chr19	6262076	6262817	NA_peak_98	888	.	26.53765	94.02785	88.89577	337
chr19	fimo	nucleotide_motif	6262403	6262422	42.6	-	.	Name=ABRGYGCCMCCTRGTGGYVR_chr19-;Alias=MEME-1;ID=ABRGYGCCMCCTRGTGGYVR-MEME-1-3-chr19;pvalue=5.46e-05;qvalue= 0.0521;sequence=AGTGTGGCGCCTCCTGGTGG;	chr19	6262076	6262817	NA_peak_98	888	.	26.53765	94.02785	88.89577	337
chr19	fimo	nucleotide_motif	10060031	10060050	48.6	+	.	Name=ABRGYGCCMCCTRGTGGYVR_chr19+;Alias=MEME-1;ID=ABRGYGCCMCCTRGTGGYVR-MEME-1-1-chr19;pvalue=1.38e-05;qvalue= 0.0155;sequence=CATGCTGCCCCTAGTGGTAG;	chr19	10059756	10060339	NA_peak_156	871	.	29.81170	92.14109	87.12618	287
chr19	fimo	nucleotide_motif	40391659	40391678	60.8	-	.	Name=ABRGYGCCMCCTRGTGGYVR_chr19-;Alias=MEME-1;ID=ABRGYGCCMCCTRGTGGYVR-MEME-1-1-chr19;pvalue=8.32e-07;qvalue= 0.00139;sequence=TGCGCTCCCTCTAGTGGCTG;	chr19	40391402	40391973	NA_peak_366	870	.	30.68483	92.04391	87.03555	283
chr19	fimo	nucleotide_motif	44887865	44887884	84.5	+	.	Name=ABRGYGCCMCCTRGTGGYVR_chr19+;Alias=MEME-1;ID=ABRGYGCCMCCTRGTGGYVR-MEME-1-1-chr19;pvalue=3.55e-09;qvalue= 8.54e-05;sequence=AGGGCGCCCCCTGCTGGACA;	chr19	44887540	44888164	NA_peak_449	850	.	30.67198	89.96143	85.03334	326
chr19	fimo	nucleotide_motif	55218354	55218373	61.5	+	.	Name=ABRGYGCCMCCTRGTGGYVR_chr19+;Alias=MEME-1;ID=ABRGYGCCMCCTRGTGGYVR-MEME-1-1-chr19;pvalue=7e-07;qvalue= 0.00121;sequence=CCAGCGCCCTCTTCTGGGCA;	chr19	55218097	55218880	NA_peak_558	837	.	28.24417	88.59325	83.74654	375
chr19	fimo	nucleotide_motif	55218621	55218640	 59	-	.	Name=ABRGYGCCMCCTRGTGGYVR_chr19-;Alias=MEME-1;ID=ABRGYGCCMCCTRGTGGYVR-MEME-1-2-chr19;pvalue=1.25e-06;qvalue= 0.00197;sequence=TATGCGCCACCTACTGGTGA;	chr19	55218097	55218880	NA_peak_558	837	.	28.24417	88.59325	83.74654	375
chr19	fimo	nucleotide_motif	21747591	21747610	78.5	+	.	Name=ABRGYGCCMCCTRGTGGYVR_chr19+;Alias=MEME-1;ID=ABRGYGCCMCCTRGTGGYVR-MEME-1-1-chr19;pvalue=1.4e-08;qvalue= 0.000126;sequence=AGGGCGCCCTCTGCTGGTAG;	chr19	21747288	21747868	NA_peak_237	794	.	30.52149	84.13272	79.44518	291
chr19	fimo	nucleotide_motif	10709520	10709539	51.1	+	.	Name=ABRGYGCCMCCTRGTGGYVR_chr19+;Alias=MEME-1;ID=ABRGYGCCMCCTRGTGGYVR-MEME-1-1-chr19;pvalue=7.8e-06;qvalue= 0.00902;sequence=TGAGCCCCCTCTGCTGGTGC;	chr19	10709216	10709842	NA_peak_177	783	.	29.87909	83.03575	78.36778	329
chr19	fimo	nucleotide_motif	10709412	10709431	40.8	+	.	Name=ABRGYGCCMCCTRGTGGYVR_chr19+;Alias=MEME-1;ID=ABRGYGCCMCCTRGTGGYVR-MEME-1-2-chr19;pvalue=8.38e-05;qvalue= 0.0751;sequence=GGTGTGCCACATGCTGGCCA;	chr19	10709216	10709842	NA_peak_177	783	.	29.87909	83.03575	78.36778	329
chr19	fimo	nucleotide_motif	10709270	10709289	40.5	-	.	Name=ABRGYGCCMCCTRGTGGYVR_chr19-;Alias=MEME-1;ID=ABRGYGCCMCCTRGTGGYVR-MEME-1-3-chr19;pvalue=8.8e-05;qvalue= 0.0777;sequence=AGGCTGCAGCCTATTGGAAA;	chr19	10709216	10709842	NA_peak_177	783	.	29.87909	83.03575	78.36778	329
chr19	fimo	nucleotide_motif	40345844	40345863	63.5	+	.	Name=ABRGYGCCMCCTRGTGGYVR_chr19+;Alias=MEME-1;ID=ABRGYGCCMCCTRGTGGYVR-MEME-1-1-chr19;pvalue=4.48e-07;qvalue= 0.000945;sequence=CTAGCGCCACCTACAGGCCT;	chr19	40345596	40346166	NA_peak_365	759	.	29.90249	80.56901	75.94881	278
chr19	fimo	nucleotide_motif	45574032	45574051	53.4	+	.	Name=ABRGYGCCMCCTRGTGGYVR_chr19+;Alias=MEME-1;ID=ABRGYGCCMCCTRGTGGYVR-MEME-1-1-chr19;pvalue=4.57e-06;qvalue= 0.00584;sequence=CCAGTGGCACCCAGTGGCGG;	chr19	45573558	45574541	NA_peak_473	729	.	28.04585	77.43954	72.90886	444
chr19	fimo	nucleotide_motif	45574191	45574210	 53	+	.	Name=ABRGYGCCMCCTRGTGGYVR_chr19+;Alias=MEME-1;ID=ABRGYGCCMCCTRGTGGYVR-MEME-1-2-chr19;pvalue=4.96e-06;qvalue= 0.00627;sequence=GCCCTGCCCCCTGCAGGTCC;	chr19	45573558	45574541	NA_peak_473	729	.	28.04585	77.43954	72.90886	444
chr19	fimo	nucleotide_motif	45573974	45573993	48.4	-	.	Name=ABRGYGCCMCCTRGTGGYVR_chr19-;Alias=MEME-1;ID=ABRGYGCCMCCTRGTGGYVR-MEME-1-3-chr19;pvalue=1.44e-05;qvalue= 0.0161;sequence=ACAGCGCCACCTACGGTATA;	chr19	45573558	45574541	NA_peak_473	729	.	28.04585	77.43954	72.90886	444
chr19	fimo	nucleotide_motif	45573828	45573847	47.7	-	.	Name=ABRGYGCCMCCTRGTGGYVR_chr19-;Alias=MEME-1;ID=ABRGYGCCMCCTRGTGGYVR-MEME-1-4-chr19;pvalue=1.68e-05;qvalue= 0.0185;sequence=ACAGTGACCTCTGGGGGATG;	chr19	45573558	45574541	NA_peak_473	729	.	28.04585	77.43954	72.90886	444
chr19	fimo	nucleotide_motif	45574022	45574041	42.2	+	.	Name=ABRGYGCCMCCTRGTGGYVR_chr19+;Alias=MEME-1;ID=ABRGYGCCMCCTRGTGGYVR-MEME-1-5-chr19;pvalue=6.02e-05;qvalue= 0.057;sequence=ATTCCAGCACCCAGTGGCAC;	chr19	45573558	45574541	NA_peak_473	729	.	28.04585	77.43954	72.90886	444
chr19	fimo	nucleotide_motif	5529508	5529527	71.6	-	.	Name=ABRGYGCCMCCTRGTGGYVR_chr19-;Alias=MEME-1;ID=ABRGYGCCMCCTRGTGGYVR-MEME-1-1-chr19;pvalue=6.96e-08;qvalue= 0.000273;sequence=GCGGCGCCCTCTGCTGGTCG;	chr19	5529008	5529813	NA_peak_76	715	.	28.36416	76.01063	71.51984	525
chr19	fimo	nucleotide_motif	5529422	5529441	64.5	-	.	Name=ABRGYGCCMCCTRGTGGYVR_chr19-;Alias=MEME-1;ID=ABRGYGCCMCCTRGTGGYVR-MEME-1-2-chr19;pvalue=3.51e-07;qvalue= 0.000781;sequence=ATCCTGCCCTCTGCTGGACA;	chr19	5529008	5529813	NA_peak_76	715	.	28.36416	76.01063	71.51984	525
chr19	fimo	nucleotide_motif	5529642	5529661	43.8	+	.	Name=ABRGYGCCMCCTRGTGGYVR_chr19+;Alias=MEME-1;ID=ABRGYGCCMCCTRGTGGYVR-MEME-1-3-chr19;pvalue=4.14e-05;qvalue= 0.0425;sequence=CTAGTGCCCTCTTTTGTTTT;	chr19	5529008	5529813	NA_peak_76	715	.	28.36416	76.01063	71.51984	525
chr19	fimo	nucleotide_motif	5529227	5529246	43.6	-	.	Name=ABRGYGCCMCCTRGTGGYVR_chr19-;Alias=MEME-1;ID=ABRGYGCCMCCTRGTGGYVR-MEME-1-4-chr19;pvalue=4.32e-05;qvalue= 0.0432;sequence=CTTCCACCCTCATGTGGTCC;	chr19	5529008	5529813	NA_peak_76	715	.	28.36416	76.01063	71.51984	525
chr19	fimo	nucleotide_motif	16599476	16599495	62.7	+	.	Name=ABRGYGCCMCCTRGTGGYVR_chr19+;Alias=MEME-1;ID=ABRGYGCCMCCTRGTGGYVR-MEME-1-1-chr19;pvalue=5.41e-07;qvalue= 0.00103;sequence=GTAGTGCCCTCTAGTGATAG;	chr19	16599218	16599782	NA_peak_213	709	.	25.26103	75.39704	70.91817	277
chr19	fimo	nucleotide_motif	41071751	41071770	61.9	-	.	Name=ABRGYGCCMCCTRGTGGYVR_chr19-;Alias=MEME-1;ID=ABRGYGCCMCCTRGTGGYVR-MEME-1-1-chr19;pvalue=6.5e-07;qvalue= 0.00115;sequence=GCAGCGCCCCCTGCTGTCTG;	chr19	41071459	41072011	NA_peak_377	708	.	23.67108	75.27702	70.80470	271
chr19	fimo	nucleotide_motif	41071691	41071710	59.5	-	.	Name=ABRGYGCCMCCTRGTGGYVR_chr19-;Alias=MEME-1;ID=ABRGYGCCMCCTRGTGGYVR-MEME-1-2-chr19;pvalue=1.13e-06;qvalue= 0.00183;sequence=GCAGCGCCACCTGCTGTCTG;	chr19	41071459	41072011	NA_peak_377	708	.	23.67108	75.27702	70.80470	271
chr19	fimo	nucleotide_motif	44295940	44295959	51.4	+	.	Name=ABRGYGCCMCCTRGTGGYVR_chr19+;Alias=MEME-1;ID=ABRGYGCCMCCTRGTGGYVR-MEME-1-1-chr19;pvalue=7.22e-06;qvalue= 0.00843;sequence=GTGCTGCCCCCTAGCGACAC;	chr19	44295677	44296234	NA_peak_438	702	.	20.96542	74.68749	70.24170	269
chr19	fimo	nucleotide_motif	5053973	5053992	63.2	+	.	Name=ABRGYGCCMCCTRGTGGYVR_chr19+;Alias=MEME-1;ID=ABRGYGCCMCCTRGTGGYVR-MEME-1-1-chr19;pvalue=4.72e-07;qvalue= 0.000978;sequence=ACAGCGCCGCCTGCCGGCCA;	chr19	5053696	5054309	NA_peak_57	700	.	26.71851	74.45595	70.01546	297
chr19	fimo	nucleotide_motif	7064754	7064773	57.9	-	.	Name=ABRGYGCCMCCTRGTGGYVR_chr19-;Alias=MEME-1;ID=ABRGYGCCMCCTRGTGGYVR-MEME-1-1-chr19;pvalue=1.62e-06;qvalue= 0.00234;sequence=CAGGCTCCCCCTGCTGGCAC;	chr19	7064451	7065078	NA_peak_122	693	.	22.20466	73.72331	69.30882	297
chr19	fimo	nucleotide_motif	24284435	24284454	 73	-	.	Name=ABRGYGCCMCCTRGTGGYVR_chr19-;Alias=MEME-1;ID=ABRGYGCCMCCTRGTGGYVR-MEME-1-1-chr19;pvalue=4.96e-08;qvalue= 0.000248;sequence=CTACTGCCACCTAGTGGTTG;	chr19	24284098	24284704	NA_peak_258	693	.	23.00501	73.71629	69.30381	315
chr19	fimo	nucleotide_motif	10486599	10486618	45.9	+	.	Name=ABRGYGCCMCCTRGTGGYVR_chr19+;Alias=MEME-1;ID=ABRGYGCCMCCTRGTGGYVR-MEME-1-1-chr19;pvalue=2.55e-05;qvalue= 0.0274;sequence=GTGGCGACATCTAATGGTTG;	chr19	10486368	10486933	NA_peak_170	693	.	24.76384	73.77767	69.35425	273
chr19	fimo	nucleotide_motif	43479068	43479087	 63	+	.	Name=ABRGYGCCMCCTRGTGGYVR_chr19+;Alias=MEME-1;ID=ABRGYGCCMCCTRGTGGYVR-MEME-1-1-chr19;pvalue=4.97e-07;qvalue= 0.000995;sequence=TTTGCGCCCCCTAGAGGACA;	chr19	43478822	43479391	NA_peak_420	679	.	26.30415	72.31096	67.93434	279
chr19	fimo	nucleotide_motif	46588040	46588059	77.2	-	.	Name=ABRGYGCCMCCTRGTGGYVR_chr19-;Alias=MEME-1;ID=ABRGYGCCMCCTRGTGGYVR-MEME-1-1-chr19;pvalue=1.9e-08;qvalue= 0.000143;sequence=CTGCTGCCCTCTGGTGGTCA;	chr19	46587708	46588293	NA_peak_502	674	.	20.23374	71.75772	67.41344	311
chr19	fimo	nucleotide_motif	43496030	43496049	61.9	-	.	Name=ABRGYGCCMCCTRGTGGYVR_chr19-;Alias=MEME-1;ID=ABRGYGCCMCCTRGTGGYVR-MEME-1-1-chr19;pvalue=6.45e-07;qvalue= 0.00115;sequence=ACTCTGCCATCTTGTGGTTA;	chr19	43495722	43496305	NA_peak_421	674	.	27.11699	71.78964	67.43169	294
chr19	fimo	nucleotide_motif	42026334	42026353	58.1	+	.	Name=ABRGYGCCMCCTRGTGGYVR_chr19+;Alias=MEME-1;ID=ABRGYGCCMCCTRGTGGYVR-MEME-1-1-chr19;pvalue=1.53e-06;qvalue= 0.00233;sequence=CTACTGCCCTCTGCCGGCCC;	chr19	42026063	42026698	NA_peak_397	674	.	27.42649	71.78964	67.43169	274
chr19	fimo	nucleotide_motif	42026412	42026431	43.1	+	.	Name=ABRGYGCCMCCTRGTGGYVR_chr19+;Alias=MEME-1;ID=ABRGYGCCMCCTRGTGGYVR-MEME-1-2-chr19;pvalue=4.9e-05;qvalue= 0.0486;sequence=TCACCACCCCCTCATGGCTG;	chr19	42026063	42026698	NA_peak_397	674	.	27.42649	71.78964	67.43169	274
chr19	fimo	nucleotide_motif	6489164	6489183	 73	-	.	Name=ABRGYGCCMCCTRGTGGYVR_chr19-;Alias=MEME-1;ID=ABRGYGCCMCCTRGTGGYVR-MEME-1-1-chr19;pvalue=4.96e-08;qvalue= 0.000248;sequence=CGCCTGCCCCCTTGTGGCCA;	chr19	6488896	6489488	NA_peak_109	670	.	28.33812	71.34872	67.01081	287
chr19	fimo	nucleotide_motif	42166346	42166365	70.7	+	.	Name=ABRGYGCCMCCTRGTGGYVR_chr19+;Alias=MEME-1;ID=ABRGYGCCMCCTRGTGGYVR-MEME-1-1-chr19;pvalue=8.46e-08;qvalue= 0.000308;sequence=AGTGCGCCCCCTCGTGGCAG;	chr19	42166073	42166630	NA_peak_401	667	.	25.87134	71.08890	66.75253	270
chr19	fimo	nucleotide_motif	7264274	7264293	57.8	-	.	Name=ABRGYGCCMCCTRGTGGYVR_chr19-;Alias=MEME-1;ID=ABRGYGCCMCCTRGTGGYVR-MEME-1-1-chr19;pvalue=1.67e-06;qvalue= 0.00238;sequence=GCTGCGCCCTCTAGCGGTGG;	chr19	7263872	7264563	NA_peak_125	664	.	27.65416	70.81796	66.49564	397
chr19	fimo	nucleotide_motif	37265952	37265971	45.7	+	.	Name=ABRGYGCCMCCTRGTGGYVR_chr19+;Alias=MEME-1;ID=ABRGYGCCMCCTRGTGGYVR-MEME-1-1-chr19;pvalue=2.7e-05;qvalue= 0.0287;sequence=TTGTCTCCGCCTCGTGGTCA;	chr19	37265689	37266238	NA_peak_344	663	.	21.37932	70.69250	66.37437	269
chr19	fimo	nucleotide_motif	24271966	24271985	80.1	+	.	Name=ABRGYGCCMCCTRGTGGYVR_chr19+;Alias=MEME-1;ID=ABRGYGCCMCCTRGTGGYVR-MEME-1-1-chr19;pvalue=9.7e-09;qvalue= 0.000126;sequence=AGCCTGCCACCTGGTGGCCA;	chr19	24271677	24272287	NA_peak_257	661	.	27.03185	70.43533	66.13707	281
chr19	fimo	nucleotide_motif	24272210	24272229	43.6	-	.	Name=ABRGYGCCMCCTRGTGGYVR_chr19-;Alias=MEME-1;ID=ABRGYGCCMCCTRGTGGYVR-MEME-1-2-chr19;pvalue=4.32e-05;qvalue= 0.0432;sequence=TCAGCGCCACCCACAGTTAG;	chr19	24271677	24272287	NA_peak_257	661	.	27.03185	70.43533	66.13707	281
chr19	fimo	nucleotide_motif	45220732	45220751	71.5	-	.	Name=ABRGYGCCMCCTRGTGGYVR_chr19-;Alias=MEME-1;ID=ABRGYGCCMCCTRGTGGYVR-MEME-1-1-chr19;pvalue=7.03e-08;qvalue= 0.000273;sequence=AGAGCTCCCTCTGCTGGTCG;	chr19	45220439	45221005	NA_peak_466	649	.	29.17024	69.24627	64.97133	287
chr19	fimo	nucleotide_motif	29253969	29253988	73.9	+	.	Name=ABRGYGCCMCCTRGTGGYVR_chr19+;Alias=MEME-1;ID=ABRGYGCCMCCTRGTGGYVR-MEME-1-1-chr19;pvalue=4.08e-08;qvalue= 0.000245;sequence=GTGCTGCCCCCTGGTGGTTA;	chr19	29253712	29254278	NA_peak_285	635	.	25.02417	67.75256	63.51815	292
chr19	fimo	nucleotide_motif	55332791	55332810	59.3	+	.	Name=ABRGYGCCMCCTRGTGGYVR_chr19+;Alias=MEME-1;ID=ABRGYGCCMCCTRGTGGYVR-MEME-1-1-chr19;pvalue=1.18e-06;qvalue= 0.00189;sequence=CTAGCACCATCTTGTGGTTG;	chr19	55332528	55333174	NA_peak_560	634	.	20.96666	67.68861	63.46415	289
chr19	fimo	nucleotide_motif	10341328	10341347	72.4	-	.	Name=ABRGYGCCMCCTRGTGGYVR_chr19-;Alias=MEME-1;ID=ABRGYGCCMCCTRGTGGYVR-MEME-1-1-chr19;pvalue=5.7e-08;qvalue= 0.000254;sequence=CTGGCGCCTCCTAGTGGACA;	chr19	10341021	10341656	NA_peak_167	619	.	24.45939	66.09626	61.92129	328
chr19	fimo	nucleotide_motif	10341344	10341363	 40	+	.	Name=ABRGYGCCMCCTRGTGGYVR_chr19+;Alias=MEME-1;ID=ABRGYGCCMCCTRGTGGYVR-MEME-1-2-chr19;pvalue=9.88e-05;qvalue= 0.0856;sequence=CCAGTTCTCCCTGTTGGTAC;	chr19	10341021	10341656	NA_peak_167	619	.	24.45939	66.09626	61.92129	328
chr19	fimo	nucleotide_motif	46991343	46991362	85.7	+	.	Name=ABRGYGCCMCCTRGTGGYVR_chr19+;Alias=MEME-1;ID=ABRGYGCCMCCTRGTGGYVR-MEME-1-1-chr19;pvalue=2.71e-09;qvalue= 8.13e-05;sequence=ACACTGCCCCCTAGTGGTAA;	chr19	46991076	46991627	NA_peak_511	607	.	25.25999	64.90877	60.77058	260
chr19	fimo	nucleotide_motif	5965432	5965451	71.9	-	.	Name=ABRGYGCCMCCTRGTGGYVR_chr19-;Alias=MEME-1;ID=ABRGYGCCMCCTRGTGGYVR-MEME-1-1-chr19;pvalue=6.4e-08;qvalue= 0.000271;sequence=TTGCTGCCACCTGGTGGCTA;	chr19	5965142	5965718	NA_peak_89	592	.	23.26211	63.37162	59.26346	292
chr19	fimo	nucleotide_motif	10034956	10034975	72.5	+	.	Name=ABRGYGCCMCCTRGTGGYVR_chr19+;Alias=MEME-1;ID=ABRGYGCCMCCTRGTGGYVR-MEME-1-1-chr19;pvalue=5.58e-08;qvalue= 0.000254;sequence=CCAGCACCCCCTTGTGGCCA;	chr19	10034683	10035243	NA_peak_155	581	.	20.13238	62.19943	58.12578	277
chr19	fimo	nucleotide_motif	10035152	10035171	42.7	-	.	Name=ABRGYGCCMCCTRGTGGYVR_chr19-;Alias=MEME-1;ID=ABRGYGCCMCCTRGTGGYVR-MEME-1-2-chr19;pvalue=5.32e-05;qvalue= 0.0517;sequence=ACAGGGCCTCCTGGAGATGG;	chr19	10034683	10035243	NA_peak_155	581	.	20.13238	62.19943	58.12578	277
chr19	fimo	nucleotide_motif	6018322	6018341	56.5	+	.	Name=ABRGYGCCMCCTRGTGGYVR_chr19+;Alias=MEME-1;ID=ABRGYGCCMCCTRGTGGYVR-MEME-1-1-chr19;pvalue=2.21e-06;qvalue= 0.00298;sequence=ctggcgccctcttccggcct;	chr19	6017938	6018586	NA_peak_91	574	.	24.33149	61.51925	57.45391	387
chr19	fimo	nucleotide_motif	10449910	10449929	78.6	-	.	Name=ABRGYGCCMCCTRGTGGYVR_chr19-;Alias=MEME-1;ID=ABRGYGCCMCCTRGTGGYVR-MEME-1-1-chr19;pvalue=1.37e-08;qvalue= 0.000126;sequence=CTGGTGCCACCTGGTGGTAG;	chr19	10449653	10450215	NA_peak_169	574	.	24.02199	61.51925	57.45391	283
chr19	fimo	nucleotide_motif	10449907	10449926	47.5	+	.	Name=ABRGYGCCMCCTRGTGGYVR_chr19+;Alias=MEME-1;ID=ABRGYGCCMCCTRGTGGYVR-MEME-1-2-chr19;pvalue=1.78e-05;qvalue= 0.0194;sequence=ATTCTACCACCAGGTGGCAC;	chr19	10449653	10450215	NA_peak_169	574	.	24.02199	61.51925	57.45391	283
chr19	fimo	nucleotide_motif	45746530	45746549	70.5	-	.	Name=ABRGYGCCMCCTRGTGGYVR_chr19-;Alias=MEME-1;ID=ABRGYGCCMCCTRGTGGYVR-MEME-1-1-chr19;pvalue=8.81e-08;qvalue= 0.000311;sequence=CTAGCGCCCTCTGGTGGGCG;	chr19	45746198	45746807	NA_peak_475	570	.	21.53212	61.08700	57.03745	329
chr19	fimo	nucleotide_motif	43959333	43959352	90.3	+	.	Name=ABRGYGCCMCCTRGTGGYVR_chr19+;Alias=MEME-1;ID=ABRGYGCCMCCTRGTGGYVR-MEME-1-1-chr19;pvalue=9.39e-10;qvalue= 5.64e-05;sequence=AGAGCGCCACCTAGTGGTGG;	chr19	43959023	43959645	NA_peak_432	563	.	25.40400	60.36602	56.32776	341
chr19	fimo	nucleotide_motif	47674603	47674622	50.6	+	.	Name=ABRGYGCCMCCTRGTGGYVR_chr19+;Alias=MEME-1;ID=ABRGYGCCMCCTRGTGGYVR-MEME-1-1-chr19;pvalue=8.59e-06;qvalue= 0.00983;sequence=ctactgccccccgcaggcac;	chr19	47674305	47674916	NA_peak_526	562	.	19.31599	60.30239	56.26521	290
chr19	fimo	nucleotide_motif	24301078	24301097	68.6	-	.	Name=ABRGYGCCMCCTRGTGGYVR_chr19-;Alias=MEME-1;ID=ABRGYGCCMCCTRGTGGYVR-MEME-1-1-chr19;pvalue=1.38e-07;qvalue= 0.000398;sequence=CTGCTGCCACCTACTGGTGA;	chr19	24300775	24301787	NA_peak_259	562	.	19.10966	60.30239	56.26521	316
chr19	fimo	nucleotide_motif	24301542	24301561	65.7	-	.	Name=ABRGYGCCMCCTRGTGGYVR_chr19-;Alias=MEME-1;ID=ABRGYGCCMCCTRGTGGYVR-MEME-1-2-chr19;pvalue=2.68e-07;qvalue= 0.000686;sequence=CTAGTGCCCTCTTCTGGCCT;	chr19	24300775	24301787	NA_peak_259	562	.	19.10966	60.30239	56.26521	316
chr19	fimo	nucleotide_motif	24301297	24301316	44.8	-	.	Name=ABRGYGCCMCCTRGTGGYVR_chr19-;Alias=MEME-1;ID=ABRGYGCCMCCTRGTGGYVR-MEME-1-3-chr19;pvalue=3.33e-05;qvalue= 0.0348;sequence=GTGTCACCTCCTAGAGGCCC;	chr19	24300775	24301787	NA_peak_259	562	.	19.10966	60.30239	56.26521	316
chr19	fimo	nucleotide_motif	6577301	6577320	64.8	+	.	Name=ABRGYGCCMCCTRGTGGYVR_chr19+;Alias=MEME-1;ID=ABRGYGCCMCCTRGTGGYVR-MEME-1-1-chr19;pvalue=3.33e-07;qvalue= 0.000781;sequence=GCTTCGCCACCTGGTGGTCA;	chr19	6576980	6577598	NA_peak_111	555	.	22.76505	59.55376	55.53012	362
chr19	fimo	nucleotide_motif	57329073	57329092	64.3	+	.	Name=ABRGYGCCMCCTRGTGGYVR_chr19+;Alias=MEME-1;ID=ABRGYGCCMCCTRGTGGYVR-MEME-1-1-chr19;pvalue=3.73e-07;qvalue= 0.000801;sequence=ATAGCGCCACCTAGTGTAAC;	chr19	57328774	57329355	NA_peak_587	549	.	26.22430	58.99196	54.98448	293
chr19	fimo	nucleotide_motif	4755729	4755748	68.9	-	.	Name=ABRGYGCCMCCTRGTGGYVR_chr19-;Alias=MEME-1;ID=ABRGYGCCMCCTRGTGGYVR-MEME-1-1-chr19;pvalue=1.27e-07;qvalue= 0.00039;sequence=AGGGCACCTCCTGGTGGCAA;	chr19	4755462	4756017	NA_peak_47	548	.	18.90333	58.84727	54.84359	279
chr19	fimo	nucleotide_motif	4755726	4755745	40.2	+	.	Name=ABRGYGCCMCCTRGTGGYVR_chr19+;Alias=MEME-1;ID=ABRGYGCCMCCTRGTGGYVR-MEME-1-2-chr19;pvalue=9.51e-05;qvalue= 0.0834;sequence=TGCTTGCCACCAGGAGGTGC;	chr19	4755462	4756017	NA_peak_47	548	.	18.90333	58.84727	54.84359	279
chr19	fimo	nucleotide_motif	18687775	18687794	60.8	-	.	Name=ABRGYGCCMCCTRGTGGYVR_chr19-;Alias=MEME-1;ID=ABRGYGCCMCCTRGTGGYVR-MEME-1-1-chr19;pvalue=8.32e-07;qvalue= 0.00139;sequence=TGGCTGACCCCTAGTGGTAG;	chr19	18687500	18688023	NA_peak_223	548	.	18.90333	58.84727	54.84359	257
chr19	fimo	nucleotide_motif	6268299	6268318	83.3	-	.	Name=ABRGYGCCMCCTRGTGGYVR_chr19-;Alias=MEME-1;ID=ABRGYGCCMCCTRGTGGYVR-MEME-1-1-chr19;pvalue=4.63e-09;qvalue= 9.26e-05;sequence=TGGGTGCCCCCTGGTGGCGA;	chr19	6267991	6268575	NA_peak_99	540	.	21.87296	58.05279	54.07613	297
chr19	fimo	nucleotide_motif	6268296	6268315	42.7	+	.	Name=ABRGYGCCMCCTRGTGGYVR_chr19+;Alias=MEME-1;ID=ABRGYGCCMCCTRGTGGYVR-MEME-1-2-chr19;pvalue=5.38e-05;qvalue= 0.0517;sequence=GGATCGCCACCAGGGGGCAC;	chr19	6267991	6268575	NA_peak_99	540	.	21.87296	58.05279	54.07613	297
chr19	fimo	nucleotide_motif	40545056	40545075	65.1	+	.	Name=ABRGYGCCMCCTRGTGGYVR_chr19+;Alias=MEME-1;ID=ABRGYGCCMCCTRGTGGYVR-MEME-1-1-chr19;pvalue=3.07e-07;qvalue= 0.000753;sequence=AGACTGCCCTCTAGTGTTAG;	chr19	40544834	40545331	NA_peak_368	540	.	20.53774	57.99263	54.01670	246
chr19	fimo	nucleotide_motif	58904218	58904237	69.6	+	.	Name=ABRGYGCCMCCTRGTGGYVR_chr19+;Alias=MEME-1;ID=ABRGYGCCMCCTRGTGGYVR-MEME-1-1-chr19;pvalue=1.09e-07;qvalue= 0.000351;sequence=ACACCGCCCTCTTGTGGTGC;	chr19	58903920	58904493	NA_peak_603	539	.	24.27991	57.87477	53.91063	317
chr19	fimo	nucleotide_motif	24871475	24871494	52.9	+	.	Name=ABRGYGCCMCCTRGTGGYVR_chr19+;Alias=MEME-1;ID=ABRGYGCCMCCTRGTGGYVR-MEME-1-1-chr19;pvalue=5.09e-06;qvalue= 0.00637;sequence=ACAGCGCCACCTAAAGGAGG;	chr19	24871220	24871767	NA_peak_264	539	.	23.24954	57.90916	53.94318	285
chr19	fimo	nucleotide_motif	44474306	44474325	57.9	+	.	Name=ABRGYGCCMCCTRGTGGYVR_chr19+;Alias=MEME-1;ID=ABRGYGCCMCCTRGTGGYVR-MEME-1-1-chr19;pvalue=1.6e-06;qvalue= 0.00234;sequence=GTGCTGCCCCCTGCAGGACA;	chr19	44474066	44474671	NA_peak_442	534	.	18.49066	57.39983	53.44107	275
chr19	fimo	nucleotide_motif	5568364	5568383	81.8	+	.	Name=ABRGYGCCMCCTRGTGGYVR_chr19+;Alias=MEME-1;ID=ABRGYGCCMCCTRGTGGYVR-MEME-1-1-chr19;pvalue=6.51e-09;qvalue= 0.000112;sequence=TGGGCGCCCTCTAGTGGCCG;	chr19	5568068	5569256	NA_peak_78	529	.	23.40548	56.94529	52.99623	911
chr19	fimo	nucleotide_motif	5568978	5568997	68.6	+	.	Name=ABRGYGCCMCCTRGTGGYVR_chr19+;Alias=MEME-1;ID=ABRGYGCCMCCTRGTGGYVR-MEME-1-2-chr19;pvalue=1.39e-07;qvalue= 0.000398;sequence=ACAGCGCCATCTACAGGCCA;	chr19	5568068	5569256	NA_peak_78	529	.	23.40548	56.94529	52.99623	911
chr19	fimo	nucleotide_motif	55198522	55198541	68.1	+	.	Name=ABRGYGCCMCCTRGTGGYVR_chr19+;Alias=MEME-1;ID=ABRGYGCCMCCTRGTGGYVR-MEME-1-1-chr19;pvalue=1.55e-07;qvalue= 0.000432;sequence=ACAGCACCATCTAGTGGCGG;	chr19	55198246	55198806	NA_peak_556	525	.	24.83326	56.54124	52.59674	269
chr19	fimo	nucleotide_motif	5728001	5728020	62.4	+	.	Name=ABRGYGCCMCCTRGTGGYVR_chr19+;Alias=MEME-1;ID=ABRGYGCCMCCTRGTGGYVR-MEME-1-1-chr19;pvalue=5.74e-07;qvalue= 0.00106;sequence=TGGGCGCCACCTGCCGGCAG;	chr19	5727716	5728700	NA_peak_80	520	.	18.28432	55.96021	52.03350	296
chr19	fimo	nucleotide_motif	53648905	53648924	74.4	-	.	Name=ABRGYGCCMCCTRGTGGYVR_chr19-;Alias=MEME-1;ID=ABRGYGCCMCCTRGTGGYVR-MEME-1-1-chr19;pvalue=3.58e-08;qvalue= 0.000239;sequence=AGGGCTCCCTCTAGTGGCTA;	chr19	53648667	53649196	NA_peak_547	520	.	16.07441	56.00788	52.07919	251
chr19	fimo	nucleotide_motif	17364935	17364954	58.6	+	.	Name=ABRGYGCCMCCTRGTGGYVR_chr19+;Alias=MEME-1;ID=ABRGYGCCMCCTRGTGGYVR-MEME-1-1-chr19;pvalue=1.39e-06;qvalue= 0.00217;sequence=AGGGCGTCCTCTGCTGGTAA;	chr19	17364686	17365235	NA_peak_219	520	.	18.07799	55.96021	52.03350	255
chr19	fimo	nucleotide_motif	17365005	17365024	41.6	-	.	Name=ABRGYGCCMCCTRGTGGYVR_chr19-;Alias=MEME-1;ID=ABRGYGCCMCCTRGTGGYVR-MEME-1-2-chr19;pvalue=6.97e-05;qvalue= 0.0649;sequence=ACATTGGCTTCTAGTGTCTG;	chr19	17364686	17365235	NA_peak_219	520	.	18.07799	55.96021	52.03350	255
chr19	fimo	nucleotide_motif	15802036	15802055	62.8	+	.	Name=ABRGYGCCMCCTRGTGGYVR_chr19+;Alias=MEME-1;ID=ABRGYGCCMCCTRGTGGYVR-MEME-1-1-chr19;pvalue=5.27e-07;qvalue= 0.00103;sequence=ACACCGCCATCTATTGGTCA;	chr19	15801770	15802328	NA_peak_203	519	.	23.11554	55.87344	51.95539	296
chr19	fimo	nucleotide_motif	5956839	5956858	57.4	+	.	Name=ABRGYGCCMCCTRGTGGYVR_chr19+;Alias=MEME-1;ID=ABRGYGCCMCCTRGTGGYVR-MEME-1-1-chr19;pvalue=1.82e-06;qvalue= 0.00255;sequence=AGGGCTCCCCCTGTTGGTGC;	chr19	5956554	5957131	NA_peak_88	518	.	21.94991	55.73778	51.82084	314
chr19	fimo	nucleotide_motif	44562724	44562743	52.6	-	.	Name=ABRGYGCCMCCTRGTGGYVR_chr19-;Alias=MEME-1;ID=ABRGYGCCMCCTRGTGGYVR-MEME-1-1-chr19;pvalue=5.44e-06;qvalue= 0.00668;sequence=GGAGCGCTCCCTAGCGGTGA;	chr19	44562444	44562983	NA_peak_446	518	.	21.94991	55.73778	51.82084	275
chr19	fimo	nucleotide_motif	40343200	40343219	 63	-	.	Name=ABRGYGCCMCCTRGTGGYVR_chr19-;Alias=MEME-1;ID=ABRGYGCCMCCTRGTGGYVR-MEME-1-1-chr19;pvalue=4.97e-07;qvalue= 0.000995;sequence=TGAGCGCCACCTAGGGGCAG;	chr19	40342901	40343521	NA_peak_364	518	.	22.69143	55.73733	51.82084	290
chr19	fimo	nucleotide_motif	46014767	46014786	65.4	+	.	Name=ABRGYGCCMCCTRGTGGYVR_chr19+;Alias=MEME-1;ID=ABRGYGCCMCCTRGTGGYVR-MEME-1-1-chr19;pvalue=2.86e-07;qvalue= 0.000715;sequence=CTGGCGCCTCCTGGTGGGCA;	chr19	46014480	46015070	NA_peak_481	513	.	25.40695	55.24189	51.33764	294
chr19	fimo	nucleotide_motif	56255724	56255743	67.5	+	.	Name=ABRGYGCCMCCTRGTGGYVR_chr19+;Alias=MEME-1;ID=ABRGYGCCMCCTRGTGGYVR-MEME-1-1-chr19;pvalue=1.78e-07;qvalue= 0.000476;sequence=TTACTGCCCTCTTGTGGTAA;	chr19	56255442	56256000	NA_peak_569	510	.	20.04055	54.93194	51.03188	285
chr19	fimo	nucleotide_motif	56422682	56422701	64.3	-	.	Name=ABRGYGCCMCCTRGTGGYVR_chr19-;Alias=MEME-1;ID=ABRGYGCCMCCTRGTGGYVR-MEME-1-1-chr19;pvalue=3.73e-07;qvalue= 0.000801;sequence=GCTCTGCCATCTAGTGGTCA;	chr19	56422570	56423509	NA_peak_575	508	.	21.07070	54.73839	50.85928	651
chr19	fimo	nucleotide_motif	56423193	56423212	57.3	-	.	Name=ABRGYGCCMCCTRGTGGYVR_chr19-;Alias=MEME-1;ID=ABRGYGCCMCCTRGTGGYVR-MEME-1-2-chr19;pvalue=1.88e-06;qvalue= 0.00259;sequence=CCAGCGCCCCCTGGCGATGC;	chr19	56422570	56423509	NA_peak_575	508	.	21.07070	54.73839	50.85928	651
chr19	fimo	nucleotide_motif	56423290	56423309	41.6	-	.	Name=ABRGYGCCMCCTRGTGGYVR_chr19-;Alias=MEME-1;ID=ABRGYGCCMCCTRGTGGYVR-MEME-1-3-chr19;pvalue=6.83e-05;qvalue= 0.0642;sequence=CCAGTGACTTCCAGTGTTCA;	chr19	56422570	56423509	NA_peak_575	508	.	21.07070	54.73839	50.85928	651
chr19	fimo	nucleotide_motif	4228499	4228518	64.6	+	.	Name=ABRGYGCCMCCTRGTGGYVR_chr19+;Alias=MEME-1;ID=ABRGYGCCMCCTRGTGGYVR-MEME-1-1-chr19;pvalue=3.48e-07;qvalue= 0.000781;sequence=AGTCTGACACCTGGTGGCCA;	chr19	4228200	4228773	NA_peak_31	508	.	21.07070	54.73839	50.85928	293
chr19	fimo	nucleotide_motif	10033811	10033830	78.4	+	.	Name=ABRGYGCCMCCTRGTGGYVR_chr19+;Alias=MEME-1;ID=ABRGYGCCMCCTRGTGGYVR-MEME-1-1-chr19;pvalue=1.44e-08;qvalue= 0.000126;sequence=TGAGTGCCCCCTAGTGGTCT;	chr19	10033535	10034135	NA_peak_154	497	.	17.37362	53.59610	49.73972	271
chr19	fimo	nucleotide_motif	60892357	60892376	71.8	+	.	Name=ABRGYGCCMCCTRGTGGYVR_chr19+;Alias=MEME-1;ID=ABRGYGCCMCCTRGTGGYVR-MEME-1-1-chr19;pvalue=6.53e-08;qvalue= 0.000271;sequence=AGCCTGCCACCTAGTGGTGG;	chr19	60892121	60892627	NA_peak_624	495	.	19.54337	53.41467	49.56168	255
chr19	fimo	nucleotide_motif	10603017	10603036	69.9	+	.	Name=ABRGYGCCMCCTRGTGGYVR_chr19+;Alias=MEME-1;ID=ABRGYGCCMCCTRGTGGYVR-MEME-1-1-chr19;pvalue=1.02e-07;qvalue= 0.000342;sequence=CTGGCGCCACCTAGTGATCG;	chr19	10602724	10603299	NA_peak_174	495	.	19.29477	53.41467	49.56168	304
chr19	fimo	nucleotide_motif	47507279	47507298	61.5	-	.	Name=ABRGYGCCMCCTRGTGGYVR_chr19-;Alias=MEME-1;ID=ABRGYGCCMCCTRGTGGYVR-MEME-1-1-chr19;pvalue=7.06e-07;qvalue= 0.00121;sequence=AGGTCGGCCCCTAGTGGCTG;	chr19	47507015	47507581	NA_peak_524	493	.	21.85549	53.20546	49.36153	277
chr19	fimo	nucleotide_motif	46452741	46452760	41.3	-	.	Name=ABRGYGCCMCCTRGTGGYVR_chr19-;Alias=MEME-1;ID=ABRGYGCCMCCTRGTGGYVR-MEME-1-1-chr19;pvalue=7.48e-05;qvalue= 0.0686;sequence=ACCTCACCCCCTACAGGAGT;	chr19	46452417	46453024	NA_peak_497	493	.	20.78831	53.15166	49.31636	258
chr19	fimo	nucleotide_motif	44487421	44487440	64.9	-	.	Name=ABRGYGCCMCCTRGTGGYVR_chr19-;Alias=MEME-1;ID=ABRGYGCCMCCTRGTGGYVR-MEME-1-1-chr19;pvalue=3.21e-07;qvalue= 0.000772;sequence=AGAGCGCACCCTAGTGGTAT;	chr19	44487121	44487693	NA_peak_444	493	.	21.85549	53.20546	49.36153	295
chr19	fimo	nucleotide_motif	44487638	44487657	49.5	-	.	Name=ABRGYGCCMCCTRGTGGYVR_chr19-;Alias=MEME-1;ID=ABRGYGCCMCCTRGTGGYVR-MEME-1-2-chr19;pvalue=1.12e-05;qvalue= 0.0127;sequence=AGAGCTGACCCTAGTGGTAG;	chr19	44487121	44487693	NA_peak_444	493	.	21.85549	53.20546	49.36153	295
chr19	fimo	nucleotide_motif	27780175	27780194	 62	-	.	Name=ABRGYGCCMCCTRGTGGYVR_chr19-;Alias=MEME-1;ID=ABRGYGCCMCCTRGTGGYVR-MEME-1-1-chr19;pvalue=6.24e-07;qvalue= 0.00114;sequence=ACAGCGCCACCTACTGACGT;	chr19	27779916	27780472	NA_peak_276	493	.	20.78831	53.15166	49.31636	253
chr19	fimo	nucleotide_motif	27780129	27780148	 40	-	.	Name=ABRGYGCCMCCTRGTGGYVR_chr19-;Alias=MEME-1;ID=ABRGYGCCMCCTRGTGGYVR-MEME-1-2-chr19;pvalue=9.97e-05;qvalue= 0.0856;sequence=CTACCTACCCCAAGTGACCC;	chr19	27779916	27780472	NA_peak_276	493	.	20.78831	53.15166	49.31636	253
chr19	fimo	nucleotide_motif	10000515	10000534	59.7	-	.	Name=ABRGYGCCMCCTRGTGGYVR_chr19-;Alias=MEME-1;ID=ABRGYGCCMCCTRGTGGYVR-MEME-1-1-chr19;pvalue=1.06e-06;qvalue= 0.00174;sequence=ATGGTGACCTCTAGTGACCA;	chr19	10000244	10000768	NA_peak_153	493	.	20.78831	53.15166	49.31636	273
chr19	fimo	nucleotide_motif	4000244	4000263	56.4	-	.	Name=ABRGYGCCMCCTRGTGGYVR_chr19-;Alias=MEME-1;ID=ABRGYGCCMCCTRGTGGYVR-MEME-1-1-chr19;pvalue=2.26e-06;qvalue= 0.00302;sequence=AGAGCGCCACCTAAAGGAAA;	chr19	3999976	4000549	NA_peak_22	486	.	21.09250	52.43748	48.62366	284
chr19	fimo	nucleotide_motif	32470336	32470355	40.5	-	.	Name=ABRGYGCCMCCTRGTGGYVR_chr19-;Alias=MEME-1;ID=ABRGYGCCMCCTRGTGGYVR-MEME-1-1-chr19;pvalue=8.8e-05;qvalue= 0.0777;sequence=TGTAGGCCACCTAGTGGATG;	chr19	32470031	32470602	NA_peak_312	481	.	19.04618	51.90632	48.10105	287
chr19	fimo	nucleotide_motif	47882654	47882673	77.6	-	.	Name=ABRGYGCCMCCTRGTGGYVR_chr19-;Alias=MEME-1;ID=ABRGYGCCMCCTRGTGGYVR-MEME-1-1-chr19;pvalue=1.73e-08;qvalue= 0.000138;sequence=GGGGCTCCCCCTGGTGGCCA;	chr19	47882362	47883044	NA_peak_529	477	.	20.22353	51.57447	47.78160	346
chr19	fimo	nucleotide_motif	47882716	47882735	43.7	-	.	Name=ABRGYGCCMCCTRGTGGYVR_chr19-;Alias=MEME-1;ID=ABRGYGCCMCCTRGTGGYVR-MEME-1-2-chr19;pvalue=4.27e-05;qvalue= 0.0432;sequence=AGGGCTCCCCCTAGCGTGGT;	chr19	47882362	47883044	NA_peak_529	477	.	20.22353	51.57447	47.78160	346
chr19	fimo	nucleotide_motif	42272476	42272495	55.1	+	.	Name=ABRGYGCCMCCTRGTGGYVR_chr19+;Alias=MEME-1;ID=ABRGYGCCMCCTRGTGGYVR-MEME-1-1-chr19;pvalue=3.1e-06;qvalue= 0.00409;sequence=CGAGTGCCGCCAAGTGGTGG;	chr19	42272156	42272776	NA_peak_404	477	.	20.50592	51.57447	47.78160	326
chr19	fimo	nucleotide_motif	42272350	42272369	 41	+	.	Name=ABRGYGCCMCCTRGTGGYVR_chr19+;Alias=MEME-1;ID=ABRGYGCCMCCTRGTGGYVR-MEME-1-2-chr19;pvalue=7.86e-05;qvalue= 0.0713;sequence=CTGGTTCCCTCTGAAGGGCA;	chr19	42272156	42272776	NA_peak_404	477	.	20.50592	51.57447	47.78160	326
chr19	fimo	nucleotide_motif	9082630	9082649	 93	+	.	Name=ABRGYGCCMCCTRGTGGYVR_chr19+;Alias=MEME-1;ID=ABRGYGCCMCCTRGTGGYVR-MEME-1-1-chr19;pvalue=5.02e-10;qvalue= 5.64e-05;sequence=ACACTGCCCCCTGGTGGCCA;	chr19	9082297	9082954	NA_peak_144	476	.	22.14129	51.41012	47.63264	369
chr19	fimo	nucleotide_motif	9991505	9991524	52.3	+	.	Name=ABRGYGCCMCCTRGTGGYVR_chr19+;Alias=MEME-1;ID=ABRGYGCCMCCTRGTGGYVR-MEME-1-1-chr19;pvalue=5.82e-06;qvalue= 0.00706;sequence=AGCACTCCCCCTGCTGGCTG;	chr19	9991242	9991790	NA_peak_151	473	.	12.70379	51.07661	47.30235	284
chr19	fimo	nucleotide_motif	10198978	10198997	87.9	+	.	Name=ABRGYGCCMCCTRGTGGYVR_chr19+;Alias=MEME-1;ID=ABRGYGCCMCCTRGTGGYVR-MEME-1-1-chr19;pvalue=1.63e-09;qvalue= 6.52e-05;sequence=ACAGCGCCACCTTGTGGTCA;	chr19	10198719	10199238	NA_peak_160	466	.	18.54899	50.40712	46.64396	250
chr19	fimo	nucleotide_motif	45074342	45074361	62.7	-	.	Name=ABRGYGCCMCCTRGTGGYVR_chr19-;Alias=MEME-1;ID=ABRGYGCCMCCTRGTGGYVR-MEME-1-1-chr19;pvalue=5.41e-07;qvalue= 0.00103;sequence=CGAGCGCCCTCTGGTGGGTT;	chr19	45074085	45074639	NA_peak_458	465	.	16.83999	50.28279	46.52734	263
chr19	fimo	nucleotide_motif	46444424	46444443	67.2	+	.	Name=ABRGYGCCMCCTRGTGGYVR_chr19+;Alias=MEME-1;ID=ABRGYGCCMCCTRGTGGYVR-MEME-1-1-chr19;pvalue=1.89e-07;qvalue= 0.000493;sequence=ACGGTGCCACCTACTGGACT;	chr19	46444167	46444720	NA_peak_496	462	.	19.65875	50.00703	46.25627	297
chr19	fimo	nucleotide_motif	46444520	46444539	 40	-	.	Name=ABRGYGCCMCCTRGTGGYVR_chr19-;Alias=MEME-1;ID=ABRGYGCCMCCTRGTGGYVR-MEME-1-2-chr19;pvalue=9.97e-05;qvalue= 0.0856;sequence=CCACTGCCACGTGCTGAAAT;	chr19	46444167	46444720	NA_peak_496	462	.	19.65875	50.00703	46.25627	297
chr19	fimo	nucleotide_motif	43571156	43571175	 57	-	.	Name=ABRGYGCCMCCTRGTGGYVR_chr19-;Alias=MEME-1;ID=ABRGYGCCMCCTRGTGGYVR-MEME-1-1-chr19;pvalue=1.98e-06;qvalue= 0.0027;sequence=AAGGCTCCCCCTGGAGGCCT;	chr19	43570860	43571412	NA_peak_423	462	.	19.94114	50.00703	46.25627	280
chr19	fimo	nucleotide_motif	55206945	55206964	69.5	+	.	Name=ABRGYGCCMCCTRGTGGYVR_chr19+;Alias=MEME-1;ID=ABRGYGCCMCCTRGTGGYVR-MEME-1-1-chr19;pvalue=1.11e-07;qvalue= 0.000351;sequence=AGCCTGCCATCTAGTGGCTA;	chr19	55206699	55207220	NA_peak_557	459	.	18.11538	49.64890	45.92048	270
chr19	fimo	nucleotide_motif	55206820	55206839	57.5	+	.	Name=ABRGYGCCMCCTRGTGGYVR_chr19+;Alias=MEME-1;ID=ABRGYGCCMCCTRGTGGYVR-MEME-1-2-chr19;pvalue=1.77e-06;qvalue= 0.0025;sequence=ATGCTTCCATCTGGAGGTCA;	chr19	55206699	55207220	NA_peak_557	459	.	18.11538	49.64890	45.92048	270
chr19	fimo	nucleotide_motif	41244729	41244748	51.8	+	.	Name=ABRGYGCCMCCTRGTGGYVR_chr19+;Alias=MEME-1;ID=ABRGYGCCMCCTRGTGGYVR-MEME-1-1-chr19;pvalue=6.55e-06;qvalue= 0.00779;sequence=CCACTGCCCCCTAGCGTTGC;	chr19	41244489	41245058	NA_peak_381	459	.	20.78978	49.72035	45.98927	239
chr19	fimo	nucleotide_motif	5338156	5338175	76.6	-	.	Name=ABRGYGCCMCCTRGTGGYVR_chr19-;Alias=MEME-1;ID=ABRGYGCCMCCTRGTGGYVR-MEME-1-1-chr19;pvalue=2.19e-08;qvalue= 0.000155;sequence=ATATCGCCACCTGGTGGCTA;	chr19	5337867	5338443	NA_peak_70	456	.	14.17749	49.41249	45.68551	294
chr19	fimo	nucleotide_motif	10665619	10665638	 58	-	.	Name=ABRGYGCCMCCTRGTGGYVR_chr19-;Alias=MEME-1;ID=ABRGYGCCMCCTRGTGGYVR-MEME-1-1-chr19;pvalue=1.58e-06;qvalue= 0.00234;sequence=GTGCTGACACCTGCTGGCCA;	chr19	10665344	10665905	NA_peak_175	456	.	14.17749	49.41249	45.68551	266
chr19	fimo	nucleotide_motif	42190686	42190705	69.9	-	.	Name=ABRGYGCCMCCTRGTGGYVR_chr19-;Alias=MEME-1;ID=ABRGYGCCMCCTRGTGGYVR-MEME-1-1-chr19;pvalue=1.02e-07;qvalue= 0.000342;sequence=ATTCTGCCCTCTGGTGGACA;	chr19	42190393	42190985	NA_peak_403	455	.	18.14607	49.28102	45.55982	309
chr19	fimo	nucleotide_motif	42190568	42190587	 41	+	.	Name=ABRGYGCCMCCTRGTGGYVR_chr19+;Alias=MEME-1;ID=ABRGYGCCMCCTRGTGGYVR-MEME-1-2-chr19;pvalue=7.9e-05;qvalue= 0.0713;sequence=CTGCTGCCTCCAGCTGGGCT;	chr19	42190393	42190985	NA_peak_403	455	.	18.14607	49.28102	45.55982	309
chr19	fimo	nucleotide_motif	56201198	56201217	68.8	+	.	Name=ABRGYGCCMCCTRGTGGYVR_chr19+;Alias=MEME-1;ID=ABRGYGCCMCCTRGTGGYVR-MEME-1-1-chr19;pvalue=1.3e-07;qvalue= 0.00039;sequence=ACAGCGCCCTCTGGTGTTGG;	chr19	56200951	56201517	NA_peak_565	451	.	16.63366	48.88450	45.17352	278
chr19	fimo	nucleotide_motif	41291406	41291425	67.7	-	.	Name=ABRGYGCCMCCTRGTGGYVR_chr19-;Alias=MEME-1;ID=ABRGYGCCMCCTRGTGGYVR-MEME-1-1-chr19;pvalue=1.7e-07;qvalue= 0.000465;sequence=CCACTGCCCTCTTCTGGCCA;	chr19	41291155	41291674	NA_peak_383	451	.	19.64341	48.89873	45.18665	272
chr19	fimo	nucleotide_motif	47168400	47168419	73.4	+	.	Name=ABRGYGCCMCCTRGTGGYVR_chr19+;Alias=MEME-1;ID=ABRGYGCCMCCTRGTGGYVR-MEME-1-1-chr19;pvalue=4.5e-08;qvalue= 0.000248;sequence=CTACTGCCCTCTAGTGGTAG;	chr19	47168110	47169507	NA_peak_515	449	.	23.36350	48.66692	44.96370	1124
chr19	fimo	nucleotide_motif	47169198	47169217	 54	+	.	Name=ABRGYGCCMCCTRGTGGYVR_chr19+;Alias=MEME-1;ID=ABRGYGCCMCCTRGTGGYVR-MEME-1-2-chr19;pvalue=4.01e-06;qvalue= 0.00518;sequence=ccggtgccctctcctggctt;	chr19	47168110	47169507	NA_peak_515	449	.	23.36350	48.66692	44.96370	1124
chr19	fimo	nucleotide_motif	15649575	15649594	52.2	+	.	Name=ABRGYGCCMCCTRGTGGYVR_chr19+;Alias=MEME-1;ID=ABRGYGCCMCCTRGTGGYVR-MEME-1-1-chr19;pvalue=6.05e-06;qvalue= 0.00728;sequence=acagcgacaccatgtggtag;	chr19	15649335	15649854	NA_peak_202	447	.	19.37636	48.44955	44.75003	230
chr19	fimo	nucleotide_motif	5488008	5488027	73.9	+	.	Name=ABRGYGCCMCCTRGTGGYVR_chr19+;Alias=MEME-1;ID=ABRGYGCCMCCTRGTGGYVR-MEME-1-1-chr19;pvalue=4.08e-08;qvalue= 0.000245;sequence=GTGGCGCCCCCTGCTGGCTG;	chr19	5487661	5488738	NA_peak_75	446	.	20.30799	48.33522	44.64061	319
chr19	fimo	nucleotide_motif	4012921	4012940	52.8	+	.	Name=ABRGYGCCMCCTRGTGGYVR_chr19+;Alias=MEME-1;ID=ABRGYGCCMCCTRGTGGYVR-MEME-1-1-chr19;pvalue=5.27e-06;qvalue= 0.00652;sequence=GTGTCGCCCTCTGCTGGATC;	chr19	4012679	4013187	NA_peak_23	443	.	20.46885	48.04310	44.35978	244
chr19	fimo	nucleotide_motif	37704093	37704112	73.1	-	.	Name=ABRGYGCCMCCTRGTGGYVR_chr19-;Alias=MEME-1;ID=ABRGYGCCMCCTRGTGGYVR-MEME-1-1-chr19;pvalue=4.86e-08;qvalue= 0.000248;sequence=AGCCCGCCCCCTTGTGGACA;	chr19	37703831	37704399	NA_peak_354	443	.	19.11647	48.01178	44.33020	285
chr19	fimo	nucleotide_motif	10908100	10908119	54.9	-	.	Name=ABRGYGCCMCCTRGTGGYVR_chr19-;Alias=MEME-1;ID=ABRGYGCCMCCTRGTGGYVR-MEME-1-1-chr19;pvalue=3.23e-06;qvalue= 0.00422;sequence=TTAGCACCGCCTGCTGGCTA;	chr19	10907800	10908386	NA_peak_180	443	.	16.17012	48.02515	44.34241	293
chr19	fimo	nucleotide_motif	41656166	41656185	58.5	-	.	Name=ABRGYGCCMCCTRGTGGYVR_chr19-;Alias=MEME-1;ID=ABRGYGCCMCCTRGTGGYVR-MEME-1-1-chr19;pvalue=1.41e-06;qvalue= 0.00217;sequence=CTGGCACACCCTAGTGGCCA;	chr19	41655906	41656466	NA_peak_390	439	.	18.86347	47.58487	43.90918	280
