CTATATATATATATATATATATA
CTATATATATATATATATATATA
CTATATATATATATATATATATA
TATATATATATATATATATATA
TATATATATATATATATATATA
TATATATATATATATATATATA
TATATATATATATATATATAT
TATATATATATATATATATAT
TATATATATATATATATATAT
ATATATATATATATATATATA
ATATATATATATATATATATA
ATATATATATATATATATATA
ATATATATATATATATATAT
ATATATATATATATATATAT
ATATATATATATATATATAT
TATATATATATATATATATA
TATATATATATATATATATA
TATATATATATATATATATA
TATATATATATATATATATA
TATATATATATATATATATA
TATATATATATATATATATA
TATATATATATATATATAT
TATATATATATATATATAT
TATATATATATATATATAT
TATATATATATATATATAT
TATATATATATATATATAT
TATATATATATATATATAT
ATATATATATATATATATA
ATATATATATATATATATA
ATATATATATATATATATA
ATATATATATATATATATA
ATATATATATATATATATA
ATATATATATATATATATA
TATATATATATATATATAT
TATATATATATATATATAT
TATATATATATATATATAT
TATATATATATATATATAT
TATATATATATATATATAT
TATATATATATATATATAT
TATATATATATATATATAT
TATATATATATATATATAT
TATATATATATATATATAT
TCGCGGCTCCCGCAGCAG
TCGCGGCTCCCGCAGCAG
ATATATATATATATATAT
ATATATATATATATATAT
ATATATATATATATATAT
ATATATATATATATATAT
ATATATATATATATATAT
ATATATATATATATATAT
TATATATATATATATATA
TATATATATATATATATA
TATATATATATATATATA
TATATATATATATATATA
TATATATATATATATATA
TATATATATATATATATA
TATATATATATATATATA
TATATATATATATATATA
TATATATATATATATATA
ATATATATATATATATAT
ATATATATATATATATAT
ATATATATATATATATAT
ATATATATATATATATAT
ATATATATATATATATAT
ATATATATATATATATAT
ATATATATATATATATAT
ATATATATATATATATAT
ATATATATATATATATAT
CAGCAACAGCAGCAGCA
CAGCAACAGCAGCAGCA
CAGCAACAGCAGCAGCA
CAGCAACAGCAGCAGCA
CGCGGCTCCCGCAGCAG
CGCGGCTCCCGCAGCAG
CAGCAGCAGCAGCTCCA
CAGCAGCAGCAGCTCCA
TATATATATATATATAT
TATATATATATATATAT
TATATATATATATATAT
TATATATATATATATAT
TATATATATATATATAT
TATATATATATATATAT
TATATATATATATATAT
TATATATATATATATAT
TATATATATATATATAT
ATATATATATATATATA
ATATATATATATATATA
ATATATATATATATATA
ATATATATATATATATA
ATATATATATATATATA
ATATATATATATATATA
ATATATATATATATATA
ATATATATATATATATA
ATATATATATATATATA
CAGCAGCAGCAGCAGCA
CAGCAGCAGCAGCAGCA
CAGCAGCAGCAGCAGCA
CAGCAGCAGCAGCAGCA
CAGCAGCAGCAGCAGCA
AGCAGCAGCAGCAGTAG
ATAAATAATGATGCTGA
CCGCAGCAGCAGCAGCA
CCGCAGCAGCAGCAGCA
CAGCAGCAGCAGCAGCA
CAGCAGCAGCAGCAGCA
CAGCAGCAGCAGCAGCA
CAGCAGCAGCAGCAGCA
CAGCAGCAGCAGCAGCA
TGAGGTGGTCCAGGTGG
TATATATATATATATAT
TATATATATATATATAT
TATATATATATATATAT
TATATATATATATATAT
TATATATATATATATAT
TATATATATATATATAT
TATATATATATATATAT
TATATATATATATATAT
TATATATATATATATAT
TATATATATATATATAT
TATATATATATATATAT
TATATATATATATATAT
TATATATATATATATAT
TATATATATATATATAT
TATATATATATATATAT
CCAGAAGGACGACGAC
CCAGAAGGACGACGAC
AATGGAGCGACAGGGA
AATGGAGCGACAGGGA
AATGGAGCGACAGGGA
GCAACAGCAACAACAG
GCAACAGCAACAACAG
GCAACAGCAACAACAG
GCAACAGCAACAACAG
GCAACAGCAACAACAG
GCAACAGCAACAACAG
GCAAAGGCAACAACAA
GCAAAGGCAACAACAA
CAGCAACAGCAGCAGC
CAGCAACAGCAGCAGC
AGCAACAGCAGCAGCA
AGCAACAGCAGCAGCA
AGCAACAGCAGCAGCA
AGCAACAGCAGCAGCA
GCGGCTCCCGCAGCAG
GCGGCTCCCGCAGCAG
CCGCAGCAGCAGCAGC
CCGCAGCAGCAGCAGC
CCGCAGCAGCAGCAGC
CCGCAGCAGCAGCAGC
GCTCCTCCAGCTCGAG
GCTCCTCCAGCTCGAG
GCTCCTCCAGCTCGAG
AGCAGCAGCAGCAGCA
AGCAGCAGCAGCAGCA
AGCAGCAGCAGCAGCA
AGCAGCAGCAGCAGCA
AGCAGCAGCAGCAGCA
CAGCAGCAGCAGCAGC
CAGCAGCAGCAGCAGC
CAGCAGCAGCAGCAGC
CAGCAGCAGCAGCAGC
CAGCAGCAGCAGCAGC
AGCAGCAGCAGCTCCA
AGCAGCAGCAGCTCCA
TCCTGCTGGCCGCCAT
ATATATATATATATAT
ATATATATATATATAT
ATATATATATATATAT
ATATATATATATATAT
ATATATATATATATAT
ATATATATATATATAT
ATATATATATATATAT
ATATATATATATATAT
ATATATATATATATAT
TATATATATATATATA
TATATATATATATATA
TATATATATATATATA
TATATATATATATATA
TATATATATATATATA
TATATATATATATATA
TATATATATATATATA
TATATATATATATATA
TATATATATATATATA
TATATATATATATATA
TATATATATATATATA
TATATATATATATATA
ATATATATATATATAC
ATATATATATATATAC
GGAGCTGGAGATGGAG
GGAGCTGGAGATGGAG
AACAAACAAACAAACA
AACAAACAAACAAACA
CCTCAGCAGCAGCAGC
AGCAGCAGCAGCAGCA
AGCAGCAGCAGCAGCA
AGCAGCAGCAGCAGCA
AGCAGCAGCAGCAGCA
AGCAGCAGCAGCAGCA
GCAGCAGCAGCAGTAG
GGAGCAGCAGGAACAG
GGAGCAGCAGGAACAG
TAAATAATGATGCTGA
CCGCAGCAGCAGCAGC
CCGCAGCAGCAGCAGC
CGCAGCAGCAGCAGCA
CGCAGCAGCAGCAGCA
AGCAGCAGCAGCAGCA
AGCAGCAGCAGCAGCA
AGCAGCAGCAGCAGCA
AGCAGCAGCAGCAGCA
AGCAGCAGCAGCAGCA
CAGCAGCAGCAGCAGC
CAGCAGCAGCAGCAGC
CAGCAGCAGCAGCAGC
CAGCAGCAGCAGCAGC
CAGCAGCAGCAGCAGC
GAGGTGGTCCAGGTGG
TAAATTTCTTTTATTT
ATATATATATATATAT
ATATATATATATATAT
ATATATATATATATAT
ATATATATATATATAT
ATATATATATATATAT
ATATATATATATATAT
ATATATATATATATAT
ATATATATATATATAT
ATATATATATATATAT
ATATATATATATATAT
ATATATATATATATAT
ATATATATATATATAT
ATATATATATATATAT
ATATATATATATATAT
ATATATATATATATAT
TTTTGTTTTGCTTAC
CAGAAGGACGACGAC
CAGAAGGACGACGAC
CCCAAGGACGAGGAG
TTCGGAGGAACGGAG
AAGAAAAACAATTGC
AAGAAAAACAATTGC
AAGAAAAACAATTGC
CACAAGTCTCAGCCT
ATGGAGCGACAGGGA
ATGGAGCGACAGGGA
ATGGAGCGACAGGGA
CAACAGCAACAACAG
CAACAGCAACAACAG
CAACAGCAACAACAG
CAACAGCAACAACAG
CAACAGCAACAACAG
CAACAGCAACAACAG
CAAAGGCAACAACAA
CAAAGGCAACAACAA
AACACATATACACTC
AACACATATACACTC
AACACATATACACTC
CACACACACACACTC
CACACACACACACTC
GCAAATGCAACAGCA
GCAAATGCAACAGCA
ATGCAAGTCCTGGCG
ATGCAAGTCCTGGCG
ATGCAAGTCCTGGCG
AGCAACAGCAGCAGC
AGCAACAGCAGCAGC
GCAACAGCAGCAGCA
GCAACAGCAGCAGCA
GCAACAGCAGCAGCA
GCAACAGCAGCAGCA
CAACAGCAGCAGCAG
CAACAGCAGCAGCAG
CAACAGCAGCAGCAG
CAACAGCAGCAGCAG
CAACAGCAGCAGCAG
CGGCTCCCGCAGCAG
CGGCTCCCGCAGCAG
CGCAGCAGCAGCAGC
CGCAGCAGCAGCAGC
CGCAGCAGCAGCAGC
CGCAGCAGCAGCAGC
GCAGCAGCAGCTGCA
GCAGCAGCAGCTGCA
CTCCTCCAGCTCGAG
CTCCTCCAGCTCGAG
CTCCTCCAGCTCGAG
AGTTCCAGTAGCAGC
AGTTCCAGTAGCAGC
AGTTCCAGTAGCAGC
AGCAGCAGCAGCAGC
GCAGCAGCAGCAGCA
GCAGCAGCAGCAGCA
GCAGCAGCAGCAGCA
GCAGCAGCAGCAGCA
GCAGCAGCAGCAGCA
GCAGCAGCAGCAGCA
GCAGCAGCAGCAGCA
CAGCAGCAGCAGCAG
CAGCAGCAGCAGCAG
AGCAGCAGCAGCAGC
AGCAGCAGCAGCAGC
AGCAGCAGCAGCAGC
AGCAGCAGCAGCAGC
AGCAGCAGCAGCAGC
AGCAGCAGCAGCAGC
CAGCAGCAGCAGCTC
CAGCAGCAGCAGCTC
CAGCAGCAGCAGCTC
GCAGCAGCAGCTCCA
GCAGCAGCAGCTCCA
CCTGCTGGCCGCCAT
GTCAGCCAGCTAATG
TAATGAATAAGTTTA
TAATGAATAAGTTTA
TATATATATATATAT
TATATATATATATAT
TATATATATATATAT
ATATATATATATATA
ATATATATATATATA
TATATATATATATAT
TATATATATATATAT
TATATATATATATAT
ATATATATATATATA
ATATATATATATATA
TATATATATATATAT
TATATATATATATAT
TATATATATATATAT
ATATATATATATATA
ATATATATATATATA
TATATATATATATAT
TATATATATATATAT
TATATATATATATAT
ATATATATATATATA
ATATATATATATATA
ATATATATATATATA
ATATATATATATATA
ATATATATATATATA
ATATATATATATATA
ATATATATATATATA
ATATATATATATATA
ATATATATATATATA
ATATATATATATATA
ATATATATATATATA
ATATATATATATATA
TATATATATATATAC
TATATATATATATAC
GAGCTGGAGATGGAG
GAGCTGGAGATGGAG
CACATTTGCCAAAAG
CACATTTGCCAAAAG
TGCGCAGCCATGGCA
TGCGCAGCCATGGCA
ACATAGCAAGCTGAA
ACAAACAAACAAACA
ACAAACAAACAAACA
CTCAGCAGCAGCAGC
CAGCAGCAGCAGCAG
CAGCAGCAGCAGCAG
AGCAGCAGCAGCAGC
GCAGCAGCAGCAGCA
GCAGCAGCAGCAGCA
GCAGCAGCAGCAGCA
GCAGCAGCAGCAGCA
GCAGCAGCAGCAGCA
GCAGCAGCAGCAGCA
GCAGCAGCAGCAGCA
CAGCAGCAGCAGCAG
CAGCAGCAGCAGCAG
CAGCAGCAGCAGCAG
CAGCAGCAGCAGCAG
CAGCAGCAGCAGCAG
CAGCAGCAGCAGCAG
CAGCAGCAGCAGCAG
CAGCAGCAGCAGTAG
CTTTAAAAACACATT
GAGCAGCAGGAACAG
GAGCAGCAGGAACAG
GAGGAGGAGCTGCAG
GAGGAGGAGCTGCAG
CTTTTGGACAATAAT
CTTTTGGACAATAAT
CTTTTGGACAATAAT
TTTGGGTTTCAATTT
TTTGGGTTTCAATTT
GCAGTTGCAGCAGCA
GCAGTTGCAGCAGCA
TGCAGCAGCAACAGT
TGCAGCAGCAACAGT
GAAGCAGCCATGTGT
CGGAATTTCAATATA
AAATAATGATGCTGA
AGCTGCCGCAGCAGC
AGCTGCCGCAGCAGC
CGCAGCAGCAGCAGC
CGCAGCAGCAGCAGC
GCAGCAGCAGCAGCA
GCAGCAGCAGCAGCA
GCAGCAGCAGCAGCA
GCAGCAGCAGCAGCA
GCAGCAGCAGCAGCA
GCAGCAGCAGCAGCA
GCAGCAGCAGCAGCA
CAGCAGCAGCAGCAG
CAGCAGCAGCAGCAG
AGCAGCAGCAGCAGC
GCAGCAGCAGCAGCA
GCAGCAGCAGCAGCA
GCAGCAGCAGCAGCA
GCAGCAGCAGCAGCA
GCAGCAGCAGCAGCA
GCAGCAGCAGCAGCA
GCAGCAGCAGCAGCA
CAGCAGCAGCAGCAG
CAGCAGCAGCAGCAG
AGCAGCAGCAGCAGC
AGCAGCAGCAGCAGC
AGCAGCAGCAGCAGC
AGCAGCAGCAGCAGC
AGCAGCAGCAGCAGC
AGCAGCAGCAGCAGC
GATACAGATACAGAT
AGGTGGTCCAGGTGG
AGGTGGTCCAGGTGG
AAATTTCTTTTATTT
TGGCTCCTCCTCCAG
GCATGATTACTTTTT
GCATGATTACTTTTT
GCATGATTACTTTTT
TATATATATATATAT
TATATATATATATAT
TATATATATATATAT
ATATATATATATATA
ATATATATATATATA
TATATATATATATAT
TATATATATATATAT
TATATATATATATAT
ATATATATATATATA
ATATATATATATATA
TATATATATATATAT
TATATATATATATAT
TATATATATATATAT
TATATATATATATAT
TATATATATATATAT
TATATATATATATAT
TATATATATATATAT
TATATATATATATAT
TATATATATATATAT
TATATATATATATAT
TATATATATATATAT
TATATATATATATAT
TATATATATATATAT
TATATATATATATAT
TATATATATATATAT
AACACTTAAATTGCA
TTGTTAGGTACAAAT
GTCCTCGGCATTGCC
GTCCTCGGCATTGCC
GTCCTCGGCATTGCC
TTTGTTTTGCTTAC
AAAATCCTTTGAGC
GGACCAAGTTCAAA
GGACCAAGTTCAAA
GGACCAAGTTCAAA
AGAAGGACGACGAC
AGAAGGACGACGAC
AATCTGTGCACACC
GAACCCCAATGCCA
CCAAGGACGAGGAG
TCGGAGGAACGGAG
AGAAAAACAATTGC
AGAAAAACAATTGC
AGAAAAACAATTGC
GAAGTGGAGTGGAG
AGTGGAGTGGAGCG
TTAGATATTTATTT
CAGAAGGTACATTA
TATATATATTTATT
TATATATATTTATT
GTTTTCCAAACCAA
AACTTATTTAACTT
AACTTATTTAACTT
AAAACTCAAATTAA
AAAACTCAAATTAA
TTTAAGTACTGCAT
CGAAAAACAAGTAA
TTCATTTTTTATTT
TCATTTTTTATTTT
CAGTGGAAAGTGGA
CAGTGGAAAGTGGA
AAAAATATATTAAA
AAAAATATATTAAA
AAAAATATATTAAA
AAAAATATATTAAA
AAAAATATATTAAA
AAAAATATATTAAA
CAGCTTTCCCCACA
CAGCTTTCCCCACA
ACAAGTCTCAGCCT
TGGAGCGACAGGGA
TGGAGCGACAGGGA
TGGAGCGACAGGGA
AACAGCAACAACAG
AACAGCAACAACAG
AACAGCAACAACAG
AACAGCAACAACAG
AACAGCAACAACAG
AACAGCAACAACAG
AAAATCAAATTAAT
AAATTGATTTTCTG
ATTTTATTTAAATT
TGTGCGAAATTTGC
AAAGGCAACAACAA
AAAGGCAACAACAA
CAAACACACACACA
CAAACACACACACA
CAAACACACACACA
ACACATATACACTC
ACACATATACACTC
ACACATATACACTC
GCCCAGCTCAATGG
GCCCAGCTCAATGG
AAAAGCATAAATCG
TCCTGTTTATTTGA
TTGAGGCCAAGTGG
TTGAGGCCAAGTGG
CCTGCCACTCCTGC
ACACACACACACTC
ACACACACACACTC
CAAGTGGAAAGGCA
GAAGCCAAGGACTC
AGCAACAAATGTGC
CAAATGCAACAGCA
CAAATGCAACAGCA
GGCAACAACAACAA
TGGCAGCAACAACA
TGGCAGCAACAACA
GCAGCAACAACAAA
GCAGCAACAACAAA
CAGCAACAACAAAG
CAGCAACAACAAAG
ATGCCGGAGGTGAA
TGCAAGTCCTGGCG
TGCAAGTCCTGGCG
TGCAAGTCCTGGCG
CAGCAACAGCAGCA
CAGCAACAGCAGCA
GCAACAGCAGCAGC
GCAACAGCAGCAGC
CAACAGCAGCAGCA
CAACAGCAGCAGCA
CAACAGCAGCAGCA
CAACAGCAGCAGCA
CAACAGCAGCAGCA
CAACAGCAGCAGCA
AACAGCAGCAGCAG
AACAGCAGCAGCAG
AACAGCAGCAGCAG
AACAGCAGCAGCAG
AACAGCAGCAGCAG
GGCTCCCGCAGCAG
GGCTCCCGCAGCAG
CCGCAGCAGCAGCA
CCGCAGCAGCAGCA
CGCAGCAGCAGCAG
CGCAGCAGCAGCAG
GCAGCAGCAGCAGC
GCAGCAGCAGCAGC
GCAGCAGCAGCAGC
GCAGCAGCAGCAGC
GCAGCAGCAGCAGC
GCAGCAGCAGCAGC
GCAGCAGCAGCAGC
GCAGCAGCAGCAGC
GCAGCAGCAGCAGC
GCAGCAGCAGCAGC
CAGCAGCAGCAGCT
CAGCAGCAGCAGCT
CAGCAGCAGCAGCT
CAGCAGCAGCAGCT
CAGCAGCAGCAGCT
GCAGCAGCAGCTGC
GCAGCAGCAGCTGC
GCAGCAGCAGCTGC
CAGCAGCAGCTGCA
CAGCAGCAGCTGCA
TCCTCCAGCTCGAG
TCCTCCAGCTCGAG
TCCTCCAGCTCGAG
GTTCCAGTAGCAGC
GTTCCAGTAGCAGC
GTTCCAGTAGCAGC
AGCAGCAGCAGCAG
AGCAGCAGCAGCAG
AGCAGCAGCAGCAG
GCAGCAGCAGCAGC
GCAGCAGCAGCAGC
GCAGCAGCAGCAGC
CAGCAGCAGCAGCA
CAGCAGCAGCAGCA
CAGCAGCAGCAGCA
CAGCAGCAGCAGCA
CAGCAGCAGCAGCA
CAGCAGCAGCAGCA
CAGCAGCAGCAGCA
AGCAGCAGCAGCAG
AGCAGCAGCAGCAG
AGCAGCAGCAGCAG
GCAGCAGCAGCAGC
GCAGCAGCAGCAGC
GCAGCAGCAGCAGC
GCAGCAGCAGCAGC
GCAGCAGCAGCAGC
GCAGCAGCAGCAGC
GCAGCAGCAGCAGC
GCAGCAGCAGCAGC
GCAGCAGCAGCAGC
GCAGCAGCAGCAGC
AGCAGCAGCAGCTC
AGCAGCAGCAGCTC
AGCAGCAGCAGCTC
CAGCAGCAGCTCCA
CAGCAGCAGCTCCA
CTGCTGGCCGCCAT
CGGAGCAGCAGGAA
CGGAGCAGCAGGAA
CCAAATCTGGCGGG
CCAAATCTGGCGGG
ACTGCCGCAGCAGC
ACTGCCGCAGCAGC
TCAGCCAGCTAATG
AATGAATAAGTTTA
AATGAATAAGTTTA
TATATATATATATA
TATATATATATATA
ATATATATATATAT
ATATATATATATAT
ATATATATATATAT
TATATATATATATA
TATATATATATATA
ATATATATATATAT
ATATATATATATAT
ATATATATATATAT
TATATATATATATA
TATATATATATATA
ATATATATATATAT
ATATATATATATAT
ATATATATATATAT
TATATATATATATA
TATATATATATATA
ATATATATATATAT
ATATATATATATAT
ATATATATATATAT
TATATATATATATA
TATATATATATATA
TATATATATATATA
TATATATATATATA
TATATATATATATA
TATATATATATATA
TATATATATATATA
TATATATATATATA
TATATATATATATA
TATATATATATATA
TATATATATATATA
TATATATATATATA
TATATATATATATA
TATATATATATATA
TATATATATATATA
ATATATATATATAC
ATATATATATATAC
AGCTGGAGATGGAG
AGCTGGAGATGGAG
ACACAGCAAACAAA
ACATTTGCCAAAAG
ACATTTGCCAAAAG
ATCGTTTTTGATGA
TACAGATACAGATA
GCGCAGCCATGGCA
GCGCAGCCATGGCA
ACCACACCCACAGC
ACCACACCCACAGC
ACCACACCCACAGC
CATAGCAAGCTGAA
TTATATTTCCATGC
CAAACAAACAAACA
CAAACAAACAAACA
GTTCCGCCTCGTCC
GTTCCGCCTCGTCC
AAATGGTACTGCAG
GGGCAACATGGAAA
TCACACACACACAC
TCACACACACACAC
CACACACACACACT
CACACACACACACT
AAGTAGTTTAACTC
AAGTAGTTTAACTC
AAAATTGCATTTAA
TGGTCAACAGAACC
TCAGCAGCAGCAGC
TCAGCAGCAGCAGC
TCAGCAGCAGCAGC
CAGCAGCAGCAGCA
CAGCAGCAGCAGCA
CAGCAGCAGCAGCA
CAGCAGCAGCAGCA
CAGCAGCAGCAGCA
CAGCAGCAGCAGCA
CAGCAGCAGCAGCA
AGCAGCAGCAGCAG
AGCAGCAGCAGCAG
AGCAGCAGCAGCAG
GCAGCAGCAGCAGC
GCAGCAGCAGCAGC
GCAGCAGCAGCAGC
CAGCAGCAGCAGCA
CAGCAGCAGCAGCA
CAGCAGCAGCAGCA
CAGCAGCAGCAGCA
CAGCAGCAGCAGCA
CAGCAGCAGCAGCA
CAGCAGCAGCAGCA
AGCAGCAGCAGCAG
AGCAGCAGCAGCAG
AGCAGCAGCAGCAG
AGCAGCAGCAGCAG
AGCAGCAGCAGCAG
AGCAGCAGCAGCAG
AGCAGCAGCAGCAG
AGCAGCAGCAGCAG
AGCAGCAGCAGTAG
TCTGCGTGATTTGG
CGGCCACGCCCACT
TTTAAAAACACATT
AGCAGCAGGAACAG
AGCAGCAGGAACAG
AGGAGGAGCTGCAG
AGGAGGAGCTGCAG
ACAGAAACAGAAAC
ACAGAAACAGAAAC
ACAGAAACAGAAAC
AAAGTGTGTTTATT
AAAGTGTGTTTATT
AAGAAATCGAAGAG
AAGAAATCGAAGAG
CCGTGTTTAACACG
CCGTGTTTAACACG
CCGTGTTTAACACG
CAAAAATTGAAAAA
CAAAAATTGAAAAA
CAAAAATTGAAAAA
TTTTGGACAATAAT
TTTTGGACAATAAT
TTTTGGACAATAAT
AATTGCAGGAGGAA
AATTGCAGGAGGAA
AATTGCAGGAGGAA
TTGGGTTTCAATTT
TTGGGTTTCAATTT
CTGAAACATGCAAA
CAGTTGCAGCAGCA
CAGTTGCAGCAGCA
GCAGCAGCAACAGT
GCAGCAGCAACAGT
AAGCAGCCATGTGT
GAAAAGGAGCAGCG
GAAAAGGAGCAGCG
GGAATTTCAATATA
ACTGCAAAAGCAAA
AATAATGATGCTGA
CCAACAAAGCCAGT
AAAGGAGCTGCCGC
GCTGCCGCAGCAGC
GCTGCCGCAGCAGC
CCGCAGCAGCAGCA
CCGCAGCAGCAGCA
CGCAGCAGCAGCAG
CGCAGCAGCAGCAG
GCAGCAGCAGCAGC
GCAGCAGCAGCAGC
GCAGCAGCAGCAGC
CAGCAGCAGCAGCA
CAGCAGCAGCAGCA
CAGCAGCAGCAGCA
CAGCAGCAGCAGCA
CAGCAGCAGCAGCA
CAGCAGCAGCAGCA
CAGCAGCAGCAGCA
AGCAGCAGCAGCAG
AGCAGCAGCAGCAG
AGCAGCAGCAGCAG
GCAGCAGCAGCAGC
GCAGCAGCAGCAGC
GCAGCAGCAGCAGC
CAGCAGCAGCAGCA
CAGCAGCAGCAGCA
CAGCAGCAGCAGCA
CAGCAGCAGCAGCA
CAGCAGCAGCAGCA
CAGCAGCAGCAGCA
CAGCAGCAGCAGCA
AGCAGCAGCAGCAG
AGCAGCAGCAGCAG
AGCAGCAGCAGCAG
GCAGCAGCAGCAGC
GCAGCAGCAGCAGC
GCAGCAGCAGCAGC
GCAGCAGCAGCAGC
GCAGCAGCAGCAGC
GCAGCAGCAGCAGC
GCAGCAGCAGCAGC
GCAGCAGCAGCAGC
GCAGCAGCAGCAGC
GCAGCAGCAGCAGC
ATACAGATACAGAT
TACAGATACAGATA
GGTGGTCCAGGTGG
GGTGGTCCAGGTGG
CCACACACACACAT
AATTTCTTTTATTT
TCGATGGGCGCATT
TCGATGGGCGCATT
GGCTCCTCCTCCAG
GCTGCTCCTCCTCC
GCTGCTCCTCCTCC
CATGATTACTTTTT
CATGATTACTTTTT
CATGATTACTTTTT
CACTTTAAACCCAA
TTGTGTGTTTACTT
AATGGAAATGGAAA
TATATATATATATA
TATATATATATATA
ATATATATATATAT
ATATATATATATAT
ATATATATATATAT
TATATATATATATA
TATATATATATATA
ATATATATATATAT
ATATATATATATAT
ATATATATATATAT
TATATATATATATA
TATATATATATATA
ATATATATATATAT
ATATATATATATAT
ATATATATATATAT
ATATATATATATAT
ATATATATATATAT
ATATATATATATAT
ATATATATATATAT
ATATATATATATAT
ATATATATATATAT
ATATATATATATAT
ATATATATATATAT
ATATATATATATAT
ATATATATATATAT
ATATATATATATAT
ATATATATATATAT
ATATATATATATAT
ATATATATATATAT
ACACTTAAATTGCA
TTTCTTTTATTTTC
CTTTTATGTTTTTT
CTTTTATGTTTTTT
TATATATTGTATAT
TATATATTGTATAT
TATATATTGTATAT
TGTTAGGTACAAAT
CAACATCGATATCG
CAACATCGATATCG
GGCCATCAGCACAA
GGCCATCAGCACAA
TCCTCGGCATTGCC
TCCTCGGCATTGCC
TCCTCGGCATTGCC
GCCAGCGGCGCCAT
GCTCGTCCGGCAGC
AATTAAATAAAAAC
TTTTTAATTGCTTC
GTTGGCCATTAATT
GTTGGCCATTAATT
GTTGGCCATTAATT
CACTGGAGACGCAA
CACTGGAGACGCAA
CACTGGAGACGCAA
GACTCACACACACA
TAAAAAATAAATAA
AGGATTTGGATTT
TTTTTTTGTTTTG
TTTTTTTGTTTTG
TTGTTTTGCTTAC
GAAAAGGAGAAGA
AAATCCTTTGAGC
GCAATTTTTAAAT
TAAGGCAATATAA
TAAGGCAATATAA
TAAGGCAATATAA
GCCGCAGCCGCGG
GCCGCAGCCGCGG
GACCAAGTTCAAA
GACCAAGTTCAAA
GACCAAGTTCAAA
GCAGCTGCGAGAA
GCAGCTGCGAGAA
GAAGGACGACGAC
GAAGGACGACGAC
ATCTGTGCACACC
GGAACTGGCGGCG
GGAACTGGCGGCG
GGAACTGGCGGCG
TGCCATTGCCCGA
GCATCATTGGCGA
GCATCATTGGCGA
GCATCATTGGCGA
CCTGGCCAAAACA
AACCCCAATGCCA
TGCCAGCTGCTTC
TGCCAGCTGCTTC
TTCCCTAAAAGAT
TTCCCTAAAAGAT
CGCTCAGTGCCGA
ATGAGCAGCAATG
ATGAGCAGCAATG
ATGAGCAGCAATG
CAACGGCAGCGCC
GAATTTGATTTTA
TCCACCACCGATG
CAAGGACGAGGAG
CGGAGGAACGGAG
CAGTACCACCCAC
CAGTACCACCCAC
ATTTAAAAAGAAA
AAAAGAAAAACAA
AAAAGAAAAACAA
AAAAGAAAAACAA
GAAAAACAATTGC
GAAAAACAATTGC
GAAAAACAATTGC
CGAGCAAATAATC
AAGTGGAGTGGAG
GTGGAGTGGAGCG
TAGATATTTATTT
CGGCAGTGGCAGC
CGGCAGTGGCAGC
AGAAGGTACATTA
ACCACCGCCCCCC
ACCACCGCCCCCC
ATTTATTTCTCGT
TTTTATAAAAAAA
TTATAAAAAAATT
ATATATATTTATT
ATATATATTTATT
TATTTATATAATT
TATTTATATAATT
TATTTATATAATT
TTTATATAATTGA
TTTATATAATTGA
AAATTTTACATTT
AAATTTTACATTT
TTCAATTAAAAAA
CAACAAATCCTGG
TGTGTGCGTGGCA
GTTTGTGTTTTGG
TTTTCCAAACCAA
ACTTATTTAACTT
ACTTATTTAACTT
GCCACAGCAATTG
ATTTTGTTATTGT
AAACTCAAATTAA
AAACTCAAATTAA
GTATAAACACAAA
GCTTTTGCATTCT
AATAAAAAAGTGA
AATAAAAAAGTGA
AATAAAAAAGTGA
ATTTTGAAAAGAT
ATTTTGAAAAGAT
GAAAGAAAATCCC
GAAAGAAAATCCC
TTAAGTACTGCAT
GAAAAACAAGTAA
GTGGTTTTTATTT
TATTTTTGTTTTC
TCATTTTTTATTT
CATTTTTTATTTT
GCCAGAGACAAAT
GCCAGAGACAAAT
GAAAATGCTAGCG
GGAAATAGCAACA
GGAAATAGCAACA
AGTGGAAAGTGGA
AGTGGAAAGTGGA
TTACATTTTATTT
AAAATATATTAAA
AAAATATATTAAA
AAAATATATTAAA
AAAATATATTAAA
AAAATATATTAAA
AAAATATATTAAA
AGCTTTCCCCACA
AGCTTTCCCCACA
CAAGTCTCAGCCT
TTGCATACTTAAT
